2022-08-09 13:07:32.195  INFO 3128 --- [main] twim.excel.ExcelApplication              : Starting ExcelApplication using Java 17.0.4 on DESKTOP-0M91M33 with PID 3128 (C:\Users\TWIM\IdeaProjects\excel\build\classes\java\main started by TWIM in C:\Users\TWIM\IdeaProjects\excel)
2022-08-09 13:07:32.200  INFO 3128 --- [main] twim.excel.ExcelApplication              : No active profile set, falling back to 1 default profile: "default"
2022-08-09 13:07:32.851  INFO 3128 --- [main] .s.d.r.c.RepositoryConfigurationDelegate : Bootstrapping Spring Data JPA repositories in DEFAULT mode.
2022-08-09 13:07:32.867  INFO 3128 --- [main] .s.d.r.c.RepositoryConfigurationDelegate : Finished Spring Data repository scanning in 5 ms. Found 0 JPA repository interfaces.
2022-08-09 13:07:33.423  INFO 3128 --- [main] o.s.b.w.embedded.tomcat.TomcatWebServer  : Tomcat initialized with port(s): 8080 (http)
2022-08-09 13:07:33.435  INFO 3128 --- [main] o.apache.catalina.core.StandardService   : Starting service [Tomcat]
2022-08-09 13:07:33.436  INFO 3128 --- [main] org.apache.catalina.core.StandardEngine  : Starting Servlet engine: [Apache Tomcat/9.0.65]
2022-08-09 13:07:33.569  INFO 3128 --- [main] o.a.c.c.C.[Tomcat].[localhost].[/]       : Initializing Spring embedded WebApplicationContext
2022-08-09 13:07:33.570  INFO 3128 --- [main] w.s.c.ServletWebServerApplicationContext : Root WebApplicationContext: initialization completed in 1320 ms
2022-08-09 13:07:33.767  INFO 3128 --- [main] o.hibernate.jpa.internal.util.LogHelper  : HHH000204: Processing PersistenceUnitInfo [name: default]
2022-08-09 13:07:33.823  INFO 3128 --- [main] org.hibernate.Version                    : HHH000412: Hibernate ORM core version 5.6.10.Final
2022-08-09 13:07:34.031  INFO 3128 --- [main] o.hibernate.annotations.common.Version   : HCANN000001: Hibernate Commons Annotations {5.1.2.Final}
2022-08-09 13:07:34.169  INFO 3128 --- [main] com.zaxxer.hikari.HikariDataSource       : HikariPool-1 - Starting...
2022-08-09 13:07:34.339  INFO 3128 --- [main] com.zaxxer.hikari.HikariDataSource       : HikariPool-1 - Start completed.
2022-08-09 13:07:34.380  INFO 3128 --- [main] org.hibernate.dialect.Dialect            : HHH000400: Using dialect: org.hibernate.dialect.MySQL8Dialect
2022-08-09 13:07:34.634  INFO 3128 --- [main] o.h.e.t.j.p.i.JtaPlatformInitiator       : HHH000490: Using JtaPlatform implementation: [org.hibernate.engine.transaction.jta.platform.internal.NoJtaPlatform]
2022-08-09 13:07:34.646  INFO 3128 --- [main] j.LocalContainerEntityManagerFactoryBean : Initialized JPA EntityManagerFactory for persistence unit 'default'
2022-08-09 13:07:34.681  WARN 3128 --- [main] JpaBaseConfiguration$JpaWebConfiguration : spring.jpa.open-in-view is enabled by default. Therefore, database queries may be performed during view rendering. Explicitly configure spring.jpa.open-in-view to disable this warning
2022-08-09 13:07:35.042  INFO 3128 --- [main] o.s.b.w.embedded.tomcat.TomcatWebServer  : Tomcat started on port(s): 8080 (http) with context path ''
2022-08-09 13:07:35.051  INFO 3128 --- [main] twim.excel.ExcelApplication              : Started ExcelApplication in 3.322 seconds (JVM running for 4.268)
2022-08-09 13:07:38.083  INFO 3128 --- [SpringApplicationShutdownHook] j.LocalContainerEntityManagerFactoryBean : Closing JPA EntityManagerFactory for persistence unit 'default'
2022-08-09 13:07:38.085  INFO 3128 --- [SpringApplicationShutdownHook] com.zaxxer.hikari.HikariDataSource       : HikariPool-1 - Shutdown initiated...
2022-08-09 13:07:38.092  INFO 3128 --- [SpringApplicationShutdownHook] com.zaxxer.hikari.HikariDataSource       : HikariPool-1 - Shutdown completed.
2022-08-09 13:50:40.804  INFO 5028 --- [main] twim.excel.ExcelApplication              : Starting ExcelApplication using Java 17.0.4 on DESKTOP-0M91M33 with PID 5028 (C:\Users\TWIM\IdeaProjects\excel\build\classes\java\main started by TWIM in C:\Users\TWIM\IdeaProjects\excel)
2022-08-09 13:50:40.812  INFO 5028 --- [main] twim.excel.ExcelApplication              : No active profile set, falling back to 1 default profile: "default"
2022-08-09 13:50:42.571  INFO 5028 --- [main] .s.d.r.c.RepositoryConfigurationDelegate : Bootstrapping Spring Data JPA repositories in DEFAULT mode.
2022-08-09 13:50:42.660  INFO 5028 --- [main] .s.d.r.c.RepositoryConfigurationDelegate : Finished Spring Data repository scanning in 72 ms. Found 1 JPA repository interfaces.
2022-08-09 13:50:43.374  INFO 5028 --- [main] o.s.b.w.embedded.tomcat.TomcatWebServer  : Tomcat initialized with port(s): 8080 (http)
2022-08-09 13:50:43.394  INFO 5028 --- [main] o.apache.catalina.core.StandardService   : Starting service [Tomcat]
2022-08-09 13:50:43.394  INFO 5028 --- [main] org.apache.catalina.core.StandardEngine  : Starting Servlet engine: [Apache Tomcat/9.0.65]
2022-08-09 13:50:43.710  INFO 5028 --- [main] o.a.c.c.C.[Tomcat].[localhost].[/]       : Initializing Spring embedded WebApplicationContext
2022-08-09 13:50:43.711  INFO 5028 --- [main] w.s.c.ServletWebServerApplicationContext : Root WebApplicationContext: initialization completed in 2762 ms
2022-08-09 13:50:43.963  INFO 5028 --- [main] o.hibernate.jpa.internal.util.LogHelper  : HHH000204: Processing PersistenceUnitInfo [name: default]
2022-08-09 13:50:44.061  INFO 5028 --- [main] org.hibernate.Version                    : HHH000412: Hibernate ORM core version 5.6.10.Final
2022-08-09 13:50:44.375  INFO 5028 --- [main] o.hibernate.annotations.common.Version   : HCANN000001: Hibernate Commons Annotations {5.1.2.Final}
2022-08-09 13:50:44.531  INFO 5028 --- [main] com.zaxxer.hikari.HikariDataSource       : HikariPool-1 - Starting...
2022-08-09 13:50:44.764  INFO 5028 --- [main] com.zaxxer.hikari.HikariDataSource       : HikariPool-1 - Start completed.
2022-08-09 13:50:44.823  INFO 5028 --- [main] org.hibernate.dialect.Dialect            : HHH000400: Using dialect: org.hibernate.dialect.MySQL8Dialect
2022-08-09 13:50:45.834  INFO 5028 --- [main] o.h.e.t.j.p.i.JtaPlatformInitiator       : HHH000490: Using JtaPlatform implementation: [org.hibernate.engine.transaction.jta.platform.internal.NoJtaPlatform]
2022-08-09 13:50:45.851  INFO 5028 --- [main] j.LocalContainerEntityManagerFactoryBean : Initialized JPA EntityManagerFactory for persistence unit 'default'
2022-08-09 13:50:46.238  WARN 5028 --- [main] JpaBaseConfiguration$JpaWebConfiguration : spring.jpa.open-in-view is enabled by default. Therefore, database queries may be performed during view rendering. Explicitly configure spring.jpa.open-in-view to disable this warning
2022-08-09 13:50:46.705  INFO 5028 --- [main] o.s.b.w.embedded.tomcat.TomcatWebServer  : Tomcat started on port(s): 8080 (http) with context path ''
2022-08-09 13:50:46.719  INFO 5028 --- [main] twim.excel.ExcelApplication              : Started ExcelApplication in 7.017 seconds (JVM running for 8.032)
2022-08-09 13:53:43.456  INFO 5028 --- [SpringApplicationShutdownHook] j.LocalContainerEntityManagerFactoryBean : Closing JPA EntityManagerFactory for persistence unit 'default'
2022-08-09 13:53:43.458  INFO 5028 --- [SpringApplicationShutdownHook] com.zaxxer.hikari.HikariDataSource       : HikariPool-1 - Shutdown initiated...
2022-08-09 13:53:43.474  INFO 5028 --- [SpringApplicationShutdownHook] com.zaxxer.hikari.HikariDataSource       : HikariPool-1 - Shutdown completed.
2022-08-09 13:53:50.156  INFO 2836 --- [main] twim.excel.ExcelApplication              : Starting ExcelApplication using Java 17.0.4 on DESKTOP-0M91M33 with PID 2836 (C:\Users\TWIM\IdeaProjects\excel\build\classes\java\main started by TWIM in C:\Users\TWIM\IdeaProjects\excel)
2022-08-09 13:53:50.159  INFO 2836 --- [main] twim.excel.ExcelApplication              : No active profile set, falling back to 1 default profile: "default"
2022-08-09 13:53:50.865  INFO 2836 --- [main] .s.d.r.c.RepositoryConfigurationDelegate : Bootstrapping Spring Data JPA repositories in DEFAULT mode.
2022-08-09 13:53:50.924  INFO 2836 --- [main] .s.d.r.c.RepositoryConfigurationDelegate : Finished Spring Data repository scanning in 47 ms. Found 1 JPA repository interfaces.
2022-08-09 13:53:51.532  INFO 2836 --- [main] o.s.b.w.embedded.tomcat.TomcatWebServer  : Tomcat initialized with port(s): 8080 (http)
2022-08-09 13:53:51.546  INFO 2836 --- [main] o.apache.catalina.core.StandardService   : Starting service [Tomcat]
2022-08-09 13:53:51.547  INFO 2836 --- [main] org.apache.catalina.core.StandardEngine  : Starting Servlet engine: [Apache Tomcat/9.0.65]
2022-08-09 13:53:51.734  INFO 2836 --- [main] o.a.c.c.C.[Tomcat].[localhost].[/]       : Initializing Spring embedded WebApplicationContext
2022-08-09 13:53:51.737  INFO 2836 --- [main] w.s.c.ServletWebServerApplicationContext : Root WebApplicationContext: initialization completed in 1511 ms
2022-08-09 13:53:52.011  INFO 2836 --- [main] o.hibernate.jpa.internal.util.LogHelper  : HHH000204: Processing PersistenceUnitInfo [name: default]
2022-08-09 13:53:52.100  INFO 2836 --- [main] org.hibernate.Version                    : HHH000412: Hibernate ORM core version 5.6.10.Final
2022-08-09 13:53:52.397  INFO 2836 --- [main] o.hibernate.annotations.common.Version   : HCANN000001: Hibernate Commons Annotations {5.1.2.Final}
2022-08-09 13:53:52.593  INFO 2836 --- [main] com.zaxxer.hikari.HikariDataSource       : HikariPool-1 - Starting...
2022-08-09 13:53:52.792  INFO 2836 --- [main] com.zaxxer.hikari.HikariDataSource       : HikariPool-1 - Start completed.
2022-08-09 13:53:52.838  INFO 2836 --- [main] org.hibernate.dialect.Dialect            : HHH000400: Using dialect: org.hibernate.dialect.MySQL8Dialect
2022-08-09 13:53:53.864  INFO 2836 --- [main] o.h.e.t.j.p.i.JtaPlatformInitiator       : HHH000490: Using JtaPlatform implementation: [org.hibernate.engine.transaction.jta.platform.internal.NoJtaPlatform]
2022-08-09 13:53:53.878  INFO 2836 --- [main] j.LocalContainerEntityManagerFactoryBean : Initialized JPA EntityManagerFactory for persistence unit 'default'
2022-08-09 13:53:54.297  WARN 2836 --- [main] JpaBaseConfiguration$JpaWebConfiguration : spring.jpa.open-in-view is enabled by default. Therefore, database queries may be performed during view rendering. Explicitly configure spring.jpa.open-in-view to disable this warning
2022-08-09 13:53:54.663  INFO 2836 --- [main] o.s.b.w.embedded.tomcat.TomcatWebServer  : Tomcat started on port(s): 8080 (http) with context path ''
2022-08-09 13:53:54.674  INFO 2836 --- [main] twim.excel.ExcelApplication              : Started ExcelApplication in 5.132 seconds (JVM running for 6.207)
2022-08-09 13:54:26.361  INFO 2836 --- [SpringApplicationShutdownHook] j.LocalContainerEntityManagerFactoryBean : Closing JPA EntityManagerFactory for persistence unit 'default'
2022-08-09 13:54:26.363  INFO 2836 --- [SpringApplicationShutdownHook] com.zaxxer.hikari.HikariDataSource       : HikariPool-1 - Shutdown initiated...
2022-08-09 13:54:26.373  INFO 2836 --- [SpringApplicationShutdownHook] com.zaxxer.hikari.HikariDataSource       : HikariPool-1 - Shutdown completed.
2022-08-09 13:54:32.717  INFO 22140 --- [main] twim.excel.ExcelApplication              : Starting ExcelApplication using Java 17.0.4 on DESKTOP-0M91M33 with PID 22140 (C:\Users\TWIM\IdeaProjects\excel\build\classes\java\main started by TWIM in C:\Users\TWIM\IdeaProjects\excel)
2022-08-09 13:54:32.721  INFO 22140 --- [main] twim.excel.ExcelApplication              : No active profile set, falling back to 1 default profile: "default"
2022-08-09 13:54:33.430  INFO 22140 --- [main] .s.d.r.c.RepositoryConfigurationDelegate : Bootstrapping Spring Data JPA repositories in DEFAULT mode.
2022-08-09 13:54:33.486  INFO 22140 --- [main] .s.d.r.c.RepositoryConfigurationDelegate : Finished Spring Data repository scanning in 45 ms. Found 1 JPA repository interfaces.
2022-08-09 13:54:34.130  INFO 22140 --- [main] o.s.b.w.embedded.tomcat.TomcatWebServer  : Tomcat initialized with port(s): 8080 (http)
2022-08-09 13:54:34.144  INFO 22140 --- [main] o.apache.catalina.core.StandardService   : Starting service [Tomcat]
2022-08-09 13:54:34.144  INFO 22140 --- [main] org.apache.catalina.core.StandardEngine  : Starting Servlet engine: [Apache Tomcat/9.0.65]
2022-08-09 13:54:34.346  INFO 22140 --- [main] o.a.c.c.C.[Tomcat].[localhost].[/]       : Initializing Spring embedded WebApplicationContext
2022-08-09 13:54:34.348  INFO 22140 --- [main] w.s.c.ServletWebServerApplicationContext : Root WebApplicationContext: initialization completed in 1554 ms
2022-08-09 13:54:34.659  INFO 22140 --- [main] o.hibernate.jpa.internal.util.LogHelper  : HHH000204: Processing PersistenceUnitInfo [name: default]
2022-08-09 13:54:34.817  INFO 22140 --- [main] org.hibernate.Version                    : HHH000412: Hibernate ORM core version 5.6.10.Final
2022-08-09 13:54:35.205  INFO 22140 --- [main] o.hibernate.annotations.common.Version   : HCANN000001: Hibernate Commons Annotations {5.1.2.Final}
2022-08-09 13:54:35.388  INFO 22140 --- [main] com.zaxxer.hikari.HikariDataSource       : HikariPool-1 - Starting...
2022-08-09 13:54:35.638  INFO 22140 --- [main] com.zaxxer.hikari.HikariDataSource       : HikariPool-1 - Start completed.
2022-08-09 13:54:35.712  INFO 22140 --- [main] org.hibernate.dialect.Dialect            : HHH000400: Using dialect: org.hibernate.dialect.MySQL8Dialect
2022-08-09 13:54:36.571  INFO 22140 --- [main] o.h.e.t.j.p.i.JtaPlatformInitiator       : HHH000490: Using JtaPlatform implementation: [org.hibernate.engine.transaction.jta.platform.internal.NoJtaPlatform]
2022-08-09 13:54:36.586  INFO 22140 --- [main] j.LocalContainerEntityManagerFactoryBean : Initialized JPA EntityManagerFactory for persistence unit 'default'
2022-08-09 13:54:36.912  WARN 22140 --- [main] JpaBaseConfiguration$JpaWebConfiguration : spring.jpa.open-in-view is enabled by default. Therefore, database queries may be performed during view rendering. Explicitly configure spring.jpa.open-in-view to disable this warning
2022-08-09 13:54:37.259  INFO 22140 --- [main] o.s.b.w.embedded.tomcat.TomcatWebServer  : Tomcat started on port(s): 8080 (http) with context path ''
2022-08-09 13:54:37.267  INFO 22140 --- [main] twim.excel.ExcelApplication              : Started ExcelApplication in 5.447 seconds (JVM running for 6.793)
2022-08-09 13:55:08.486  INFO 22140 --- [http-nio-8080-exec-1] o.a.c.c.C.[Tomcat].[localhost].[/]       : Initializing Spring DispatcherServlet 'dispatcherServlet'
2022-08-09 13:55:08.486  INFO 22140 --- [http-nio-8080-exec-1] o.s.web.servlet.DispatcherServlet        : Initializing Servlet 'dispatcherServlet'
2022-08-09 13:55:08.487  INFO 22140 --- [http-nio-8080-exec-1] o.s.web.servlet.DispatcherServlet        : Completed initialization in 0 ms
2022-08-09 13:55:30.958  INFO 22140 --- [SpringApplicationShutdownHook] j.LocalContainerEntityManagerFactoryBean : Closing JPA EntityManagerFactory for persistence unit 'default'
2022-08-09 13:55:30.959  INFO 22140 --- [SpringApplicationShutdownHook] com.zaxxer.hikari.HikariDataSource       : HikariPool-1 - Shutdown initiated...
2022-08-09 13:55:30.966  INFO 22140 --- [SpringApplicationShutdownHook] com.zaxxer.hikari.HikariDataSource       : HikariPool-1 - Shutdown completed.
2022-08-09 13:55:36.617  INFO 22008 --- [main] twim.excel.ExcelApplication              : Starting ExcelApplication using Java 17.0.4 on DESKTOP-0M91M33 with PID 22008 (C:\Users\TWIM\IdeaProjects\excel\build\classes\java\main started by TWIM in C:\Users\TWIM\IdeaProjects\excel)
2022-08-09 13:55:36.621  INFO 22008 --- [main] twim.excel.ExcelApplication              : No active profile set, falling back to 1 default profile: "default"
2022-08-09 13:55:37.291  INFO 22008 --- [main] .s.d.r.c.RepositoryConfigurationDelegate : Bootstrapping Spring Data JPA repositories in DEFAULT mode.
2022-08-09 13:55:37.348  INFO 22008 --- [main] .s.d.r.c.RepositoryConfigurationDelegate : Finished Spring Data repository scanning in 47 ms. Found 1 JPA repository interfaces.
2022-08-09 13:55:37.937  INFO 22008 --- [main] o.s.b.w.embedded.tomcat.TomcatWebServer  : Tomcat initialized with port(s): 8080 (http)
2022-08-09 13:55:37.947  INFO 22008 --- [main] o.apache.catalina.core.StandardService   : Starting service [Tomcat]
2022-08-09 13:55:37.948  INFO 22008 --- [main] org.apache.catalina.core.StandardEngine  : Starting Servlet engine: [Apache Tomcat/9.0.65]
2022-08-09 13:55:38.088  INFO 22008 --- [main] o.a.c.c.C.[Tomcat].[localhost].[/]       : Initializing Spring embedded WebApplicationContext
2022-08-09 13:55:38.088  INFO 22008 --- [main] w.s.c.ServletWebServerApplicationContext : Root WebApplicationContext: initialization completed in 1415 ms
2022-08-09 13:55:38.280  INFO 22008 --- [main] o.hibernate.jpa.internal.util.LogHelper  : HHH000204: Processing PersistenceUnitInfo [name: default]
2022-08-09 13:55:38.337  INFO 22008 --- [main] org.hibernate.Version                    : HHH000412: Hibernate ORM core version 5.6.10.Final
2022-08-09 13:55:38.576  INFO 22008 --- [main] o.hibernate.annotations.common.Version   : HCANN000001: Hibernate Commons Annotations {5.1.2.Final}
2022-08-09 13:55:38.767  INFO 22008 --- [main] com.zaxxer.hikari.HikariDataSource       : HikariPool-1 - Starting...
2022-08-09 13:55:39.011  INFO 22008 --- [main] com.zaxxer.hikari.HikariDataSource       : HikariPool-1 - Start completed.
2022-08-09 13:55:39.068  INFO 22008 --- [main] org.hibernate.dialect.Dialect            : HHH000400: Using dialect: org.hibernate.dialect.MySQL8Dialect
2022-08-09 13:55:39.900  INFO 22008 --- [main] o.h.e.t.j.p.i.JtaPlatformInitiator       : HHH000490: Using JtaPlatform implementation: [org.hibernate.engine.transaction.jta.platform.internal.NoJtaPlatform]
2022-08-09 13:55:39.910  INFO 22008 --- [main] j.LocalContainerEntityManagerFactoryBean : Initialized JPA EntityManagerFactory for persistence unit 'default'
2022-08-09 13:55:40.215  WARN 22008 --- [main] JpaBaseConfiguration$JpaWebConfiguration : spring.jpa.open-in-view is enabled by default. Therefore, database queries may be performed during view rendering. Explicitly configure spring.jpa.open-in-view to disable this warning
2022-08-09 13:55:40.553  INFO 22008 --- [main] o.s.b.w.embedded.tomcat.TomcatWebServer  : Tomcat started on port(s): 8080 (http) with context path ''
2022-08-09 13:55:40.560  INFO 22008 --- [main] twim.excel.ExcelApplication              : Started ExcelApplication in 4.404 seconds (JVM running for 5.107)
2022-08-09 13:55:46.029  INFO 22008 --- [http-nio-8080-exec-1] o.a.c.c.C.[Tomcat].[localhost].[/]       : Initializing Spring DispatcherServlet 'dispatcherServlet'
2022-08-09 13:55:46.029  INFO 22008 --- [http-nio-8080-exec-1] o.s.web.servlet.DispatcherServlet        : Initializing Servlet 'dispatcherServlet'
2022-08-09 13:55:46.030  INFO 22008 --- [http-nio-8080-exec-1] o.s.web.servlet.DispatcherServlet        : Completed initialization in 1 ms
2022-08-09 13:55:59.742  INFO 22008 --- [SpringApplicationShutdownHook] j.LocalContainerEntityManagerFactoryBean : Closing JPA EntityManagerFactory for persistence unit 'default'
2022-08-09 13:55:59.743  INFO 22008 --- [SpringApplicationShutdownHook] com.zaxxer.hikari.HikariDataSource       : HikariPool-1 - Shutdown initiated...
2022-08-09 13:55:59.751  INFO 22008 --- [SpringApplicationShutdownHook] com.zaxxer.hikari.HikariDataSource       : HikariPool-1 - Shutdown completed.
2022-08-09 13:56:05.259  INFO 23756 --- [main] twim.excel.ExcelApplication              : Starting ExcelApplication using Java 17.0.4 on DESKTOP-0M91M33 with PID 23756 (C:\Users\TWIM\IdeaProjects\excel\build\classes\java\main started by TWIM in C:\Users\TWIM\IdeaProjects\excel)
2022-08-09 13:56:05.262  INFO 23756 --- [main] twim.excel.ExcelApplication              : No active profile set, falling back to 1 default profile: "default"
2022-08-09 13:56:05.975  INFO 23756 --- [main] .s.d.r.c.RepositoryConfigurationDelegate : Bootstrapping Spring Data JPA repositories in DEFAULT mode.
2022-08-09 13:56:06.031  INFO 23756 --- [main] .s.d.r.c.RepositoryConfigurationDelegate : Finished Spring Data repository scanning in 46 ms. Found 1 JPA repository interfaces.
2022-08-09 13:56:06.650  INFO 23756 --- [main] o.s.b.w.embedded.tomcat.TomcatWebServer  : Tomcat initialized with port(s): 8080 (http)
2022-08-09 13:56:06.660  INFO 23756 --- [main] o.apache.catalina.core.StandardService   : Starting service [Tomcat]
2022-08-09 13:56:06.660  INFO 23756 --- [main] org.apache.catalina.core.StandardEngine  : Starting Servlet engine: [Apache Tomcat/9.0.65]
2022-08-09 13:56:06.821  INFO 23756 --- [main] o.a.c.c.C.[Tomcat].[localhost].[/]       : Initializing Spring embedded WebApplicationContext
2022-08-09 13:56:06.822  INFO 23756 --- [main] w.s.c.ServletWebServerApplicationContext : Root WebApplicationContext: initialization completed in 1511 ms
2022-08-09 13:56:07.016  INFO 23756 --- [main] o.hibernate.jpa.internal.util.LogHelper  : HHH000204: Processing PersistenceUnitInfo [name: default]
2022-08-09 13:56:07.074  INFO 23756 --- [main] org.hibernate.Version                    : HHH000412: Hibernate ORM core version 5.6.10.Final
2022-08-09 13:56:07.276  INFO 23756 --- [main] o.hibernate.annotations.common.Version   : HCANN000001: Hibernate Commons Annotations {5.1.2.Final}
2022-08-09 13:56:07.393  INFO 23756 --- [main] com.zaxxer.hikari.HikariDataSource       : HikariPool-1 - Starting...
2022-08-09 13:56:07.565  INFO 23756 --- [main] com.zaxxer.hikari.HikariDataSource       : HikariPool-1 - Start completed.
2022-08-09 13:56:07.608  INFO 23756 --- [main] org.hibernate.dialect.Dialect            : HHH000400: Using dialect: org.hibernate.dialect.MySQL8Dialect
2022-08-09 13:56:08.424  INFO 23756 --- [main] o.h.e.t.j.p.i.JtaPlatformInitiator       : HHH000490: Using JtaPlatform implementation: [org.hibernate.engine.transaction.jta.platform.internal.NoJtaPlatform]
2022-08-09 13:56:08.446  INFO 23756 --- [main] j.LocalContainerEntityManagerFactoryBean : Initialized JPA EntityManagerFactory for persistence unit 'default'
2022-08-09 13:56:08.879  WARN 23756 --- [main] JpaBaseConfiguration$JpaWebConfiguration : spring.jpa.open-in-view is enabled by default. Therefore, database queries may be performed during view rendering. Explicitly configure spring.jpa.open-in-view to disable this warning
2022-08-09 13:56:09.319  INFO 23756 --- [main] o.s.b.w.embedded.tomcat.TomcatWebServer  : Tomcat started on port(s): 8080 (http) with context path ''
2022-08-09 13:56:09.328  INFO 23756 --- [main] twim.excel.ExcelApplication              : Started ExcelApplication in 4.521 seconds (JVM running for 5.208)
2022-08-09 13:56:12.244  INFO 23756 --- [http-nio-8080-exec-2] o.a.c.c.C.[Tomcat].[localhost].[/]       : Initializing Spring DispatcherServlet 'dispatcherServlet'
2022-08-09 13:56:12.245  INFO 23756 --- [http-nio-8080-exec-2] o.s.web.servlet.DispatcherServlet        : Initializing Servlet 'dispatcherServlet'
2022-08-09 13:56:12.246  INFO 23756 --- [http-nio-8080-exec-2] o.s.web.servlet.DispatcherServlet        : Completed initialization in 1 ms
2022-08-09 13:57:32.739  INFO 23756 --- [SpringApplicationShutdownHook] j.LocalContainerEntityManagerFactoryBean : Closing JPA EntityManagerFactory for persistence unit 'default'
2022-08-09 13:57:32.740  INFO 23756 --- [SpringApplicationShutdownHook] com.zaxxer.hikari.HikariDataSource       : HikariPool-1 - Shutdown initiated...
2022-08-09 13:57:32.747  INFO 23756 --- [SpringApplicationShutdownHook] com.zaxxer.hikari.HikariDataSource       : HikariPool-1 - Shutdown completed.
2022-08-09 13:57:38.356  INFO 12460 --- [main] twim.excel.ExcelApplication              : Starting ExcelApplication using Java 17.0.4 on DESKTOP-0M91M33 with PID 12460 (C:\Users\TWIM\IdeaProjects\excel\build\classes\java\main started by TWIM in C:\Users\TWIM\IdeaProjects\excel)
2022-08-09 13:57:38.358  INFO 12460 --- [main] twim.excel.ExcelApplication              : No active profile set, falling back to 1 default profile: "default"
2022-08-09 13:57:39.024  INFO 12460 --- [main] .s.d.r.c.RepositoryConfigurationDelegate : Bootstrapping Spring Data JPA repositories in DEFAULT mode.
2022-08-09 13:57:39.078  INFO 12460 --- [main] .s.d.r.c.RepositoryConfigurationDelegate : Finished Spring Data repository scanning in 44 ms. Found 1 JPA repository interfaces.
2022-08-09 13:57:39.623  INFO 12460 --- [main] o.s.b.w.embedded.tomcat.TomcatWebServer  : Tomcat initialized with port(s): 8080 (http)
2022-08-09 13:57:39.633  INFO 12460 --- [main] o.apache.catalina.core.StandardService   : Starting service [Tomcat]
2022-08-09 13:57:39.633  INFO 12460 --- [main] org.apache.catalina.core.StandardEngine  : Starting Servlet engine: [Apache Tomcat/9.0.65]
2022-08-09 13:57:39.783  INFO 12460 --- [main] o.a.c.c.C.[Tomcat].[localhost].[/]       : Initializing Spring embedded WebApplicationContext
2022-08-09 13:57:39.784  INFO 12460 --- [main] w.s.c.ServletWebServerApplicationContext : Root WebApplicationContext: initialization completed in 1376 ms
2022-08-09 13:57:39.972  INFO 12460 --- [main] o.hibernate.jpa.internal.util.LogHelper  : HHH000204: Processing PersistenceUnitInfo [name: default]
2022-08-09 13:57:40.029  INFO 12460 --- [main] org.hibernate.Version                    : HHH000412: Hibernate ORM core version 5.6.10.Final
2022-08-09 13:57:40.223  INFO 12460 --- [main] o.hibernate.annotations.common.Version   : HCANN000001: Hibernate Commons Annotations {5.1.2.Final}
2022-08-09 13:57:40.342  INFO 12460 --- [main] com.zaxxer.hikari.HikariDataSource       : HikariPool-1 - Starting...
2022-08-09 13:57:40.513  INFO 12460 --- [main] com.zaxxer.hikari.HikariDataSource       : HikariPool-1 - Start completed.
2022-08-09 13:57:40.558  INFO 12460 --- [main] org.hibernate.dialect.Dialect            : HHH000400: Using dialect: org.hibernate.dialect.MySQL8Dialect
2022-08-09 13:57:41.294  INFO 12460 --- [main] o.h.e.t.j.p.i.JtaPlatformInitiator       : HHH000490: Using JtaPlatform implementation: [org.hibernate.engine.transaction.jta.platform.internal.NoJtaPlatform]
2022-08-09 13:57:41.310  INFO 12460 --- [main] j.LocalContainerEntityManagerFactoryBean : Initialized JPA EntityManagerFactory for persistence unit 'default'
2022-08-09 13:57:41.703  WARN 12460 --- [main] JpaBaseConfiguration$JpaWebConfiguration : spring.jpa.open-in-view is enabled by default. Therefore, database queries may be performed during view rendering. Explicitly configure spring.jpa.open-in-view to disable this warning
2022-08-09 13:57:42.186  INFO 12460 --- [main] o.s.b.w.embedded.tomcat.TomcatWebServer  : Tomcat started on port(s): 8080 (http) with context path ''
2022-08-09 13:57:42.196  INFO 12460 --- [main] twim.excel.ExcelApplication              : Started ExcelApplication in 4.275 seconds (JVM running for 4.984)
2022-08-09 13:57:49.670  INFO 12460 --- [http-nio-8080-exec-1] o.a.c.c.C.[Tomcat].[localhost].[/]       : Initializing Spring DispatcherServlet 'dispatcherServlet'
2022-08-09 13:57:49.671  INFO 12460 --- [http-nio-8080-exec-1] o.s.web.servlet.DispatcherServlet        : Initializing Servlet 'dispatcherServlet'
2022-08-09 13:57:49.673  INFO 12460 --- [http-nio-8080-exec-1] o.s.web.servlet.DispatcherServlet        : Completed initialization in 2 ms
2022-08-09 14:22:20.248  INFO 12460 --- [SpringApplicationShutdownHook] j.LocalContainerEntityManagerFactoryBean : Closing JPA EntityManagerFactory for persistence unit 'default'
2022-08-09 14:22:20.250  INFO 12460 --- [SpringApplicationShutdownHook] com.zaxxer.hikari.HikariDataSource       : HikariPool-1 - Shutdown initiated...
2022-08-09 14:22:20.262  INFO 12460 --- [SpringApplicationShutdownHook] com.zaxxer.hikari.HikariDataSource       : HikariPool-1 - Shutdown completed.
2022-08-09 14:22:29.246  INFO 22244 --- [main] twim.excel.ExcelApplication              : Starting ExcelApplication using Java 17.0.4 on DESKTOP-0M91M33 with PID 22244 (C:\Users\TWIM\IdeaProjects\excel\build\classes\java\main started by TWIM in C:\Users\TWIM\IdeaProjects\excel)
2022-08-09 14:22:29.252  INFO 22244 --- [main] twim.excel.ExcelApplication              : No active profile set, falling back to 1 default profile: "default"
2022-08-09 14:22:30.041  INFO 22244 --- [main] .s.d.r.c.RepositoryConfigurationDelegate : Bootstrapping Spring Data JPA repositories in DEFAULT mode.
2022-08-09 14:22:30.096  INFO 22244 --- [main] .s.d.r.c.RepositoryConfigurationDelegate : Finished Spring Data repository scanning in 44 ms. Found 1 JPA repository interfaces.
2022-08-09 14:22:30.679  INFO 22244 --- [main] o.s.b.w.embedded.tomcat.TomcatWebServer  : Tomcat initialized with port(s): 8080 (http)
2022-08-09 14:22:30.691  INFO 22244 --- [main] o.apache.catalina.core.StandardService   : Starting service [Tomcat]
2022-08-09 14:22:30.691  INFO 22244 --- [main] org.apache.catalina.core.StandardEngine  : Starting Servlet engine: [Apache Tomcat/9.0.65]
2022-08-09 14:22:30.872  INFO 22244 --- [main] o.a.c.c.C.[Tomcat].[localhost].[/]       : Initializing Spring embedded WebApplicationContext
2022-08-09 14:22:30.872  INFO 22244 --- [main] w.s.c.ServletWebServerApplicationContext : Root WebApplicationContext: initialization completed in 1556 ms
2022-08-09 14:22:31.087  INFO 22244 --- [main] o.hibernate.jpa.internal.util.LogHelper  : HHH000204: Processing PersistenceUnitInfo [name: default]
2022-08-09 14:22:31.167  INFO 22244 --- [main] org.hibernate.Version                    : HHH000412: Hibernate ORM core version 5.6.10.Final
2022-08-09 14:22:31.408  INFO 22244 --- [main] o.hibernate.annotations.common.Version   : HCANN000001: Hibernate Commons Annotations {5.1.2.Final}
2022-08-09 14:22:31.543  INFO 22244 --- [main] com.zaxxer.hikari.HikariDataSource       : HikariPool-1 - Starting...
2022-08-09 14:22:31.740  INFO 22244 --- [main] com.zaxxer.hikari.HikariDataSource       : HikariPool-1 - Start completed.
2022-08-09 14:22:31.790  INFO 22244 --- [main] org.hibernate.dialect.Dialect            : HHH000400: Using dialect: org.hibernate.dialect.MySQL8Dialect
2022-08-09 14:22:32.716  INFO 22244 --- [main] o.h.e.t.j.p.i.JtaPlatformInitiator       : HHH000490: Using JtaPlatform implementation: [org.hibernate.engine.transaction.jta.platform.internal.NoJtaPlatform]
2022-08-09 14:22:32.726  INFO 22244 --- [main] j.LocalContainerEntityManagerFactoryBean : Initialized JPA EntityManagerFactory for persistence unit 'default'
2022-08-09 14:22:33.021  WARN 22244 --- [main] JpaBaseConfiguration$JpaWebConfiguration : spring.jpa.open-in-view is enabled by default. Therefore, database queries may be performed during view rendering. Explicitly configure spring.jpa.open-in-view to disable this warning
2022-08-09 14:22:33.407  INFO 22244 --- [main] o.s.b.w.embedded.tomcat.TomcatWebServer  : Tomcat started on port(s): 8080 (http) with context path ''
2022-08-09 14:22:33.417  INFO 22244 --- [main] twim.excel.ExcelApplication              : Started ExcelApplication in 4.811 seconds (JVM running for 5.943)
2022-08-09 14:22:35.752  INFO 22244 --- [http-nio-8080-exec-2] o.a.c.c.C.[Tomcat].[localhost].[/]       : Initializing Spring DispatcherServlet 'dispatcherServlet'
2022-08-09 14:22:35.753  INFO 22244 --- [http-nio-8080-exec-2] o.s.web.servlet.DispatcherServlet        : Initializing Servlet 'dispatcherServlet'
2022-08-09 14:22:35.754  INFO 22244 --- [http-nio-8080-exec-2] o.s.web.servlet.DispatcherServlet        : Completed initialization in 1 ms
2022-08-09 14:25:11.474  INFO 22244 --- [SpringApplicationShutdownHook] j.LocalContainerEntityManagerFactoryBean : Closing JPA EntityManagerFactory for persistence unit 'default'
2022-08-09 14:25:11.477  INFO 22244 --- [SpringApplicationShutdownHook] com.zaxxer.hikari.HikariDataSource       : HikariPool-1 - Shutdown initiated...
2022-08-09 14:25:11.499  INFO 22244 --- [SpringApplicationShutdownHook] com.zaxxer.hikari.HikariDataSource       : HikariPool-1 - Shutdown completed.
2022-08-09 14:26:23.024  INFO 15368 --- [main] twim.excel.ExcelApplication              : Starting ExcelApplication using Java 17.0.4 on DESKTOP-0M91M33 with PID 15368 (C:\Users\TWIM\IdeaProjects\excel\build\classes\java\main started by TWIM in C:\Users\TWIM\IdeaProjects\excel)
2022-08-09 14:26:23.027  INFO 15368 --- [main] twim.excel.ExcelApplication              : No active profile set, falling back to 1 default profile: "default"
2022-08-09 14:26:23.702  INFO 15368 --- [main] .s.d.r.c.RepositoryConfigurationDelegate : Bootstrapping Spring Data JPA repositories in DEFAULT mode.
2022-08-09 14:26:23.767  INFO 15368 --- [main] .s.d.r.c.RepositoryConfigurationDelegate : Finished Spring Data repository scanning in 54 ms. Found 1 JPA repository interfaces.
2022-08-09 14:26:24.326  INFO 15368 --- [main] o.s.b.w.embedded.tomcat.TomcatWebServer  : Tomcat initialized with port(s): 8080 (http)
2022-08-09 14:26:24.338  INFO 15368 --- [main] o.apache.catalina.core.StandardService   : Starting service [Tomcat]
2022-08-09 14:26:24.339  INFO 15368 --- [main] org.apache.catalina.core.StandardEngine  : Starting Servlet engine: [Apache Tomcat/9.0.65]
2022-08-09 14:26:24.484  INFO 15368 --- [main] o.a.c.c.C.[Tomcat].[localhost].[/]       : Initializing Spring embedded WebApplicationContext
2022-08-09 14:26:24.485  INFO 15368 --- [main] w.s.c.ServletWebServerApplicationContext : Root WebApplicationContext: initialization completed in 1408 ms
2022-08-09 14:26:24.693  INFO 15368 --- [main] o.hibernate.jpa.internal.util.LogHelper  : HHH000204: Processing PersistenceUnitInfo [name: default]
2022-08-09 14:26:24.756  INFO 15368 --- [main] org.hibernate.Version                    : HHH000412: Hibernate ORM core version 5.6.10.Final
2022-08-09 14:26:24.943  INFO 15368 --- [main] o.hibernate.annotations.common.Version   : HCANN000001: Hibernate Commons Annotations {5.1.2.Final}
2022-08-09 14:26:25.065  INFO 15368 --- [main] com.zaxxer.hikari.HikariDataSource       : HikariPool-1 - Starting...
2022-08-09 14:26:25.239  INFO 15368 --- [main] com.zaxxer.hikari.HikariDataSource       : HikariPool-1 - Start completed.
2022-08-09 14:26:25.283  INFO 15368 --- [main] org.hibernate.dialect.Dialect            : HHH000400: Using dialect: org.hibernate.dialect.MySQL8Dialect
2022-08-09 14:26:26.045  INFO 15368 --- [main] o.h.e.t.j.p.i.JtaPlatformInitiator       : HHH000490: Using JtaPlatform implementation: [org.hibernate.engine.transaction.jta.platform.internal.NoJtaPlatform]
2022-08-09 14:26:26.055  INFO 15368 --- [main] j.LocalContainerEntityManagerFactoryBean : Initialized JPA EntityManagerFactory for persistence unit 'default'
2022-08-09 14:26:26.355  WARN 15368 --- [main] JpaBaseConfiguration$JpaWebConfiguration : spring.jpa.open-in-view is enabled by default. Therefore, database queries may be performed during view rendering. Explicitly configure spring.jpa.open-in-view to disable this warning
2022-08-09 14:26:26.687  INFO 15368 --- [main] o.s.b.w.embedded.tomcat.TomcatWebServer  : Tomcat started on port(s): 8080 (http) with context path ''
2022-08-09 14:26:26.695  INFO 15368 --- [main] twim.excel.ExcelApplication              : Started ExcelApplication in 4.135 seconds (JVM running for 5.001)
2022-08-09 14:26:32.998  INFO 15368 --- [http-nio-8080-exec-2] o.a.c.c.C.[Tomcat].[localhost].[/]       : Initializing Spring DispatcherServlet 'dispatcherServlet'
2022-08-09 14:26:32.998  INFO 15368 --- [http-nio-8080-exec-2] o.s.web.servlet.DispatcherServlet        : Initializing Servlet 'dispatcherServlet'
2022-08-09 14:26:33.000  INFO 15368 --- [http-nio-8080-exec-2] o.s.web.servlet.DispatcherServlet        : Completed initialization in 1 ms
2022-08-09 14:27:26.052  INFO 15368 --- [SpringApplicationShutdownHook] j.LocalContainerEntityManagerFactoryBean : Closing JPA EntityManagerFactory for persistence unit 'default'
2022-08-09 14:27:26.053  INFO 15368 --- [SpringApplicationShutdownHook] com.zaxxer.hikari.HikariDataSource       : HikariPool-1 - Shutdown initiated...
2022-08-09 14:27:26.061  INFO 15368 --- [SpringApplicationShutdownHook] com.zaxxer.hikari.HikariDataSource       : HikariPool-1 - Shutdown completed.
2022-08-09 14:32:42.239  INFO 19908 --- [main] twim.excel.ExcelApplication              : Starting ExcelApplication using Java 17.0.4 on DESKTOP-0M91M33 with PID 19908 (C:\Users\TWIM\IdeaProjects\excel\build\classes\java\main started by TWIM in C:\Users\TWIM\IdeaProjects\excel)
2022-08-09 14:32:42.242  INFO 19908 --- [main] twim.excel.ExcelApplication              : No active profile set, falling back to 1 default profile: "default"
2022-08-09 14:32:42.905  INFO 19908 --- [main] .s.d.r.c.RepositoryConfigurationDelegate : Bootstrapping Spring Data JPA repositories in DEFAULT mode.
2022-08-09 14:32:42.958  INFO 19908 --- [main] .s.d.r.c.RepositoryConfigurationDelegate : Finished Spring Data repository scanning in 43 ms. Found 1 JPA repository interfaces.
2022-08-09 14:32:43.564  INFO 19908 --- [main] o.s.b.w.embedded.tomcat.TomcatWebServer  : Tomcat initialized with port(s): 8080 (http)
2022-08-09 14:32:43.575  INFO 19908 --- [main] o.apache.catalina.core.StandardService   : Starting service [Tomcat]
2022-08-09 14:32:43.575  INFO 19908 --- [main] org.apache.catalina.core.StandardEngine  : Starting Servlet engine: [Apache Tomcat/9.0.65]
2022-08-09 14:32:43.722  INFO 19908 --- [main] o.a.c.c.C.[Tomcat].[localhost].[/]       : Initializing Spring embedded WebApplicationContext
2022-08-09 14:32:43.723  INFO 19908 --- [main] w.s.c.ServletWebServerApplicationContext : Root WebApplicationContext: initialization completed in 1427 ms
2022-08-09 14:32:43.913  INFO 19908 --- [main] o.hibernate.jpa.internal.util.LogHelper  : HHH000204: Processing PersistenceUnitInfo [name: default]
2022-08-09 14:32:43.979  INFO 19908 --- [main] org.hibernate.Version                    : HHH000412: Hibernate ORM core version 5.6.10.Final
2022-08-09 14:32:44.169  INFO 19908 --- [main] o.hibernate.annotations.common.Version   : HCANN000001: Hibernate Commons Annotations {5.1.2.Final}
2022-08-09 14:32:44.284  INFO 19908 --- [main] com.zaxxer.hikari.HikariDataSource       : HikariPool-1 - Starting...
2022-08-09 14:32:44.451  INFO 19908 --- [main] com.zaxxer.hikari.HikariDataSource       : HikariPool-1 - Start completed.
2022-08-09 14:32:44.497  INFO 19908 --- [main] org.hibernate.dialect.Dialect            : HHH000400: Using dialect: org.hibernate.dialect.MySQL8Dialect
2022-08-09 14:32:45.339  INFO 19908 --- [main] o.h.e.t.j.p.i.JtaPlatformInitiator       : HHH000490: Using JtaPlatform implementation: [org.hibernate.engine.transaction.jta.platform.internal.NoJtaPlatform]
2022-08-09 14:32:45.352  INFO 19908 --- [main] j.LocalContainerEntityManagerFactoryBean : Initialized JPA EntityManagerFactory for persistence unit 'default'
2022-08-09 14:32:45.720  WARN 19908 --- [main] JpaBaseConfiguration$JpaWebConfiguration : spring.jpa.open-in-view is enabled by default. Therefore, database queries may be performed during view rendering. Explicitly configure spring.jpa.open-in-view to disable this warning
2022-08-09 14:32:46.110  INFO 19908 --- [main] o.s.b.w.embedded.tomcat.TomcatWebServer  : Tomcat started on port(s): 8080 (http) with context path ''
2022-08-09 14:32:46.119  INFO 19908 --- [main] twim.excel.ExcelApplication              : Started ExcelApplication in 4.317 seconds (JVM running for 5.085)
2022-08-09 14:33:03.935  INFO 19908 --- [http-nio-8080-exec-2] o.a.c.c.C.[Tomcat].[localhost].[/]       : Initializing Spring DispatcherServlet 'dispatcherServlet'
2022-08-09 14:33:03.936  INFO 19908 --- [http-nio-8080-exec-2] o.s.web.servlet.DispatcherServlet        : Initializing Servlet 'dispatcherServlet'
2022-08-09 14:33:03.937  INFO 19908 --- [http-nio-8080-exec-2] o.s.web.servlet.DispatcherServlet        : Completed initialization in 1 ms
